[uWSGI] getting INI configuration from /home/rrzhang/projects/test-flask/uwsgi.ini
open("./python3_plugin.so"): No such file or directory [core/utils.c line 3732]
!!! UNABLE to load uWSGI plugin: ./python3_plugin.so: cannot open shared object file: No such file or directory !!!
*** Starting uWSGI 2.0.19.1 (64bit) on [Wed Aug 26 19:49:00 2020] ***
compiled with version: 7.4.0 on 26 August 2020 09:18:40
os: Linux-3.10.0-1062.4.1.el7.x86_64 #1 SMP Fri Oct 18 17:15:30 UTC 2019
nodename: izuf6hhtn7y3guvzb0vpu8z
machine: x86_64
clock source: unix
pcre jit disabled
detected number of CPU cores: 1
current working directory: /home/rrzhang/projects/test-flask
detected binary path: /home/rrzhang/.local/virtualenv/test-flask-env/bin/uwsgi
chdir() to /home/rrzhang/projects/test-flask
*** WARNING: you are running uWSGI without its master process manager ***
your processes number limit is 4096
your memory page size is 4096 bytes
detected max file descriptor number: 65535
lock engine: pthread robust mutexes
thunder lock: disabled (you can enable it with --thunder-lock)
uWSGI http bound on :5000 fd 4
spawned uWSGI http 1 (pid: 10335)
uwsgi socket 0 bound to TCP address 127.0.0.1:46039 (port auto-assigned) fd 3
Python version: 3.6.8 (default, Apr  2 2020, 13:34:55)  [GCC 4.8.5 20150623 (Red Hat 4.8.5-39)]
PEP 405 virtualenv detected: /home/rrzhang/.local/virtualenv/test-flask-env
Set PythonHome to /home/rrzhang/.local/virtualenv/test-flask-env
*** Python threads support is disabled. You can enable it with --enable-threads ***
Python main interpreter initialized at 0x2266c10
your server socket listen backlog is limited to 100 connections
your mercy for graceful operations on workers is 60 seconds
mapped 72920 bytes (71 KB) for 1 cores
*** Operational MODE: single process ***
WSGI app 0 (mountpoint='') ready in 0 seconds on interpreter 0x2266c10 pid: 10331 (default app)
*** uWSGI is running in multiple interpreter mode ***
spawned uWSGI worker 1 (and the only) (pid: 10331, cores: 1)
[pid: 10331|app: 0|req: 1/1] 219.228.146.176 () {38 vars in 710 bytes} [Wed Aug 26 19:49:06 2020] GET / => generated 115798 bytes in 24 msecs (HTTP/1.1 200) 2 headers in 83 bytes (1 switches on core 0)
[pid: 10331|app: 0|req: 2/2] 219.228.146.176 () {40 vars in 677 bytes} [Wed Aug 26 19:49:06 2020] GET /favicon.ico => generated 232 bytes in 0 msecs (HTTP/1.1 404) 2 headers in 87 bytes (1 switches on core 0)
[uWSGI] getting INI configuration from uwsgi.ini
open("./python3_plugin.so"): No such file or directory [core/utils.c line 3732]
!!! UNABLE to load uWSGI plugin: ./python3_plugin.so: cannot open shared object file: No such file or directory !!!
*** Starting uWSGI 2.0.19.1 (64bit) on [Wed Aug 26 20:01:39 2020] ***
compiled with version: 7.4.0 on 26 August 2020 09:18:40
os: Linux-3.10.0-1062.4.1.el7.x86_64 #1 SMP Fri Oct 18 17:15:30 UTC 2019
nodename: izuf6hhtn7y3guvzb0vpu8z
machine: x86_64
clock source: unix
pcre jit disabled
detected number of CPU cores: 1
current working directory: /home/rrzhang/projects/test-flask
detected binary path: /home/rrzhang/.local/virtualenv/test-flask-env/bin/uwsgi
chdir() to /home/rrzhang/projects/test-flask
*** WARNING: you are running uWSGI without its master process manager ***
your processes number limit is 4096
your memory page size is 4096 bytes
detected max file descriptor number: 65535
lock engine: pthread robust mutexes
thunder lock: disabled (you can enable it with --thunder-lock)
uWSGI http bound on :5000 fd 4
spawned uWSGI http 1 (pid: 11207)
uwsgi socket 0 bound to TCP address 127.0.0.1:44580 (port auto-assigned) fd 3
Python version: 3.6.8 (default, Apr  2 2020, 13:34:55)  [GCC 4.8.5 20150623 (Red Hat 4.8.5-39)]
PEP 405 virtualenv detected: /home/rrzhang/.local/virtualenv/test-flask-env
Set PythonHome to /home/rrzhang/.local/virtualenv/test-flask-env
*** Python threads support is disabled. You can enable it with --enable-threads ***
Python main interpreter initialized at 0x1321be0
your server socket listen backlog is limited to 100 connections
your mercy for graceful operations on workers is 60 seconds
mapped 72920 bytes (71 KB) for 1 cores
*** Operational MODE: single process ***
WSGI app 0 (mountpoint='') ready in 1 seconds on interpreter 0x1321be0 pid: 11204 (default app)
*** uWSGI is running in multiple interpreter mode ***
spawned uWSGI worker 1 (and the only) (pid: 11204, cores: 1)
[pid: 11204|app: 0|req: 1/1] 219.228.146.176 () {38 vars in 710 bytes} [Wed Aug 26 20:01:44 2020] GET / => generated 115798 bytes in 24 msecs (HTTP/1.1 200) 2 headers in 83 bytes (1 switches on core 0)
[pid: 11204|app: 0|req: 2/2] 219.228.146.176 () {38 vars in 710 bytes} [Wed Aug 26 20:01:56 2020] GET / => generated 115798 bytes in 0 msecs (HTTP/1.1 200) 2 headers in 83 bytes (1 switches on core 0)
[pid: 11204|app: 0|req: 3/3] 219.228.146.176 () {38 vars in 710 bytes} [Wed Aug 26 20:01:59 2020] GET / => generated 115798 bytes in 0 msecs (HTTP/1.1 200) 2 headers in 83 bytes (1 switches on core 0)
[pid: 11204|app: 0|req: 4/4] 219.228.146.176 () {38 vars in 710 bytes} [Wed Aug 26 20:02:01 2020] GET / => generated 115798 bytes in 0 msecs (HTTP/1.1 200) 2 headers in 83 bytes (1 switches on core 0)
